<?xml version="1.0" encoding="UTF-8"?>
<!-- Generated by org.testng.reporters.JUnitReportReporter -->
<testsuite hostname="DESKTOP-I7FVRC3" name="mil.dtic.selenium.RunTest" tests="1" failures="0" timestamp="14 Jun 2020 17:42:01 GMT" time="71.474" errors="0">
  <testcase name="readExcel" time="71.474" classname="mil.dtic.selenium.RunTest"/>
</testsuite> <!-- mil.dtic.selenium.RunTest -->
